2026-02-26 18:56:10 | INFO | Log file created: /Users/U10086216/Library/CloudStorage/OneDrive-BASF/Documents/ReposMac/ImageRecognition/logs/training_20260226_185610.log
2026-02-26 18:56:10 | INFO | ============================================================
2026-02-26 18:56:10 | INFO | Starting AI-Generated Image Detection Training
2026-02-26 18:56:10 | INFO | Model: resnet18
2026-02-26 18:56:10 | INFO | Device: mps
2026-02-26 18:56:10 | INFO | Batch size: 128
2026-02-26 18:56:10 | INFO | Learning rate: 0.001
2026-02-26 18:56:10 | INFO | Max epochs: 50
2026-02-26 18:56:10 | INFO | Early stopping patience: 10
2026-02-26 18:56:10 | INFO | ============================================================
2026-02-26 18:56:10 | INFO | Data loaded - Train: 80000, Val: 20000, Test: 20000
2026-02-26 18:56:10 | INFO | 
============================================================
2026-02-26 18:56:10 | INFO | EPOCH 1/50
2026-02-26 18:56:10 | INFO | ============================================================
2026-02-26 18:58:39 | INFO | Epoch 1/50 [TRAIN] - Loss: 0.1951 | Acc: 92.22% | Time: 148.6s
2026-02-26 18:59:40 | INFO | Epoch 1/50 [VAL]   - Loss: 0.1900 | Acc: 92.33%
2026-02-26 18:59:40 | INFO | ✓ New best validation accuracy! Improved by 92.33% (0.00% → 92.33%)
2026-02-26 18:59:40 | INFO | 💾 Saved best model with val_acc: 92.33%
2026-02-26 18:59:40 | INFO | 
============================================================
2026-02-26 18:59:40 | INFO | EPOCH 2/50
2026-02-26 18:59:40 | INFO | ============================================================
2026-02-26 19:01:51 | INFO | Epoch 2/50 [TRAIN] - Loss: 0.1255 | Acc: 95.16% | Time: 130.9s
2026-02-26 19:02:44 | INFO | Epoch 2/50 [VAL]   - Loss: 0.1253 | Acc: 95.52%
2026-02-26 19:02:44 | INFO | ✓ New best validation accuracy! Improved by 3.19% (92.33% → 95.52%)
2026-02-26 19:02:44 | INFO | 💾 Saved best model with val_acc: 95.52%
2026-02-26 19:02:44 | INFO | 
============================================================
2026-02-26 19:02:44 | INFO | EPOCH 3/50
2026-02-26 19:02:44 | INFO | ============================================================
2026-02-26 19:04:52 | INFO | Epoch 3/50 [TRAIN] - Loss: 0.1036 | Acc: 96.02% | Time: 127.5s
2026-02-26 19:05:46 | INFO | Epoch 3/50 [VAL]   - Loss: 0.1112 | Acc: 95.72%
2026-02-26 19:05:46 | INFO | ✓ New best validation accuracy! Improved by 0.20% (95.52% → 95.72%)
2026-02-26 19:05:47 | INFO | 💾 Saved best model with val_acc: 95.72%
2026-02-26 19:05:47 | INFO | 
============================================================
2026-02-26 19:05:47 | INFO | EPOCH 4/50
2026-02-26 19:05:47 | INFO | ============================================================
2026-02-26 19:08:10 | INFO | Epoch 4/50 [TRAIN] - Loss: 0.0870 | Acc: 96.64% | Time: 142.8s
2026-02-26 19:09:02 | INFO | Epoch 4/50 [VAL]   - Loss: 0.1446 | Acc: 94.78%
2026-02-26 19:09:02 | INFO | No improvement. Patience: 1/10
2026-02-26 19:09:02 | INFO | 
============================================================
2026-02-26 19:09:02 | INFO | EPOCH 5/50
2026-02-26 19:09:02 | INFO | ============================================================
2026-02-26 19:11:15 | INFO | Epoch 5/50 [TRAIN] - Loss: 0.0762 | Acc: 97.14% | Time: 132.6s
2026-02-26 19:12:08 | INFO | Epoch 5/50 [VAL]   - Loss: 0.1215 | Acc: 95.53%
2026-02-26 19:12:08 | INFO | No improvement. Patience: 2/10
2026-02-26 19:12:08 | INFO | 
============================================================
2026-02-26 19:12:08 | INFO | EPOCH 6/50
2026-02-26 19:12:08 | INFO | ============================================================
2026-02-26 19:14:25 | INFO | Epoch 6/50 [TRAIN] - Loss: 0.0693 | Acc: 97.44% | Time: 137.2s
2026-02-26 19:15:23 | INFO | Epoch 6/50 [VAL]   - Loss: 0.1186 | Acc: 95.50%
2026-02-26 19:15:23 | INFO | No improvement. Patience: 3/10
2026-02-26 19:15:23 | INFO | 
============================================================
2026-02-26 19:15:23 | INFO | EPOCH 7/50
2026-02-26 19:15:23 | INFO | ============================================================
2026-02-26 19:17:38 | INFO | Epoch 7/50 [TRAIN] - Loss: 0.0635 | Acc: 97.59% | Time: 134.8s
2026-02-26 19:18:30 | INFO | Epoch 7/50 [VAL]   - Loss: 0.1200 | Acc: 95.62%
2026-02-26 19:18:30 | INFO | No improvement. Patience: 4/10
2026-02-26 19:18:30 | INFO | 
============================================================
2026-02-26 19:18:30 | INFO | EPOCH 8/50
2026-02-26 19:18:30 | INFO | ============================================================
2026-02-26 19:20:56 | INFO | Epoch 8/50 [TRAIN] - Loss: 0.0550 | Acc: 97.96% | Time: 145.5s
2026-02-26 19:21:47 | INFO | Epoch 8/50 [VAL]   - Loss: 0.1148 | Acc: 96.05%
2026-02-26 19:21:47 | INFO | ✓ New best validation accuracy! Improved by 0.33% (95.72% → 96.05%)
2026-02-26 19:21:47 | INFO | 💾 Saved best model with val_acc: 96.05%
2026-02-26 19:21:47 | INFO | 
============================================================
2026-02-26 19:21:47 | INFO | EPOCH 9/50
2026-02-26 19:21:47 | INFO | ============================================================
2026-02-26 19:24:36 | INFO | Epoch 9/50 [TRAIN] - Loss: 0.0519 | Acc: 98.06% | Time: 168.6s
2026-02-26 19:25:52 | INFO | Epoch 9/50 [VAL]   - Loss: 0.1128 | Acc: 95.90%
2026-02-26 19:25:52 | INFO | No improvement. Patience: 1/10
2026-02-26 19:25:52 | INFO | 
============================================================
2026-02-26 19:25:52 | INFO | EPOCH 10/50
2026-02-26 19:25:52 | INFO | ============================================================
2026-02-26 19:29:06 | INFO | Epoch 10/50 [TRAIN] - Loss: 0.0478 | Acc: 98.23% | Time: 194.6s
2026-02-26 19:30:21 | INFO | Epoch 10/50 [VAL]   - Loss: 0.1247 | Acc: 95.89%
2026-02-26 19:30:21 | INFO | No improvement. Patience: 2/10
2026-02-26 19:30:21 | INFO | 
============================================================
2026-02-26 19:30:21 | INFO | EPOCH 11/50
2026-02-26 19:30:21 | INFO | ============================================================
2026-02-26 19:33:13 | INFO | Epoch 11/50 [TRAIN] - Loss: 0.0440 | Acc: 98.34% | Time: 171.9s
2026-02-26 19:34:23 | INFO | Epoch 11/50 [VAL]   - Loss: 0.1307 | Acc: 95.42%
2026-02-26 19:34:23 | INFO | No improvement. Patience: 3/10
2026-02-26 19:34:23 | INFO | 
============================================================
2026-02-26 19:34:23 | INFO | EPOCH 12/50
2026-02-26 19:34:23 | INFO | ============================================================
2026-02-26 19:37:25 | INFO | Epoch 12/50 [TRAIN] - Loss: 0.0432 | Acc: 98.43% | Time: 181.7s
2026-02-26 19:38:30 | INFO | Epoch 12/50 [VAL]   - Loss: 0.1097 | Acc: 95.98%
2026-02-26 19:38:30 | INFO | No improvement. Patience: 4/10
2026-02-26 19:38:30 | INFO | 
============================================================
2026-02-26 19:38:30 | INFO | EPOCH 13/50
2026-02-26 19:38:30 | INFO | ============================================================
2026-02-26 19:42:03 | INFO | Epoch 13/50 [TRAIN] - Loss: 0.0387 | Acc: 98.57% | Time: 213.0s
2026-02-26 19:43:22 | INFO | Epoch 13/50 [VAL]   - Loss: 0.1236 | Acc: 95.91%
2026-02-26 19:43:22 | INFO | No improvement. Patience: 5/10
2026-02-26 19:43:22 | INFO | 
============================================================
2026-02-26 19:43:22 | INFO | EPOCH 14/50
2026-02-26 19:43:22 | INFO | ============================================================
2026-02-26 19:45:34 | INFO | Epoch 14/50 [TRAIN] - Loss: 0.0380 | Acc: 98.60% | Time: 132.0s
2026-02-26 19:46:27 | INFO | Epoch 14/50 [VAL]   - Loss: 0.1154 | Acc: 96.22%
2026-02-26 19:46:27 | INFO | ✓ New best validation accuracy! Improved by 0.17% (96.05% → 96.22%)
2026-02-26 19:46:27 | INFO | 💾 Saved best model with val_acc: 96.22%
2026-02-26 19:46:27 | INFO | 
============================================================
2026-02-26 19:46:27 | INFO | EPOCH 15/50
2026-02-26 19:46:27 | INFO | ============================================================
2026-02-26 19:48:38 | INFO | Epoch 15/50 [TRAIN] - Loss: 0.0345 | Acc: 98.76% | Time: 130.3s
2026-02-26 19:49:32 | INFO | Epoch 15/50 [VAL]   - Loss: 0.1363 | Acc: 95.58%
2026-02-26 19:49:32 | INFO | No improvement. Patience: 1/10
2026-02-26 19:49:32 | INFO | 
============================================================
2026-02-26 19:49:32 | INFO | EPOCH 16/50
2026-02-26 19:49:32 | INFO | ============================================================
2026-02-26 19:51:42 | INFO | Epoch 16/50 [TRAIN] - Loss: 0.0344 | Acc: 98.75% | Time: 130.2s
2026-02-26 19:52:41 | INFO | Epoch 16/50 [VAL]   - Loss: 0.1472 | Acc: 95.55%
2026-02-26 19:52:41 | INFO | No improvement. Patience: 2/10
2026-02-26 19:52:41 | INFO | 
============================================================
2026-02-26 19:52:41 | INFO | EPOCH 17/50
2026-02-26 19:52:41 | INFO | ============================================================
2026-02-26 19:54:47 | INFO | Epoch 17/50 [TRAIN] - Loss: 0.0328 | Acc: 98.82% | Time: 125.8s
2026-02-26 19:55:40 | INFO | Epoch 17/50 [VAL]   - Loss: 0.1354 | Acc: 95.77%
2026-02-26 19:55:40 | INFO | No improvement. Patience: 3/10
2026-02-26 19:55:40 | INFO | 
============================================================
2026-02-26 19:55:40 | INFO | EPOCH 18/50
2026-02-26 19:55:40 | INFO | ============================================================
2026-02-26 19:57:43 | INFO | Epoch 18/50 [TRAIN] - Loss: 0.0320 | Acc: 98.84% | Time: 122.8s
2026-02-26 19:58:40 | INFO | Epoch 18/50 [VAL]   - Loss: 0.1345 | Acc: 95.85%
2026-02-26 19:58:40 | INFO | No improvement. Patience: 4/10
2026-02-26 19:58:40 | INFO | 
============================================================
2026-02-26 19:58:40 | INFO | EPOCH 19/50
2026-02-26 19:58:40 | INFO | ============================================================
2026-02-26 20:00:48 | INFO | Epoch 19/50 [TRAIN] - Loss: 0.0307 | Acc: 98.90% | Time: 127.8s
2026-02-26 20:01:44 | INFO | Epoch 19/50 [VAL]   - Loss: 0.1676 | Acc: 95.82%
2026-02-26 20:01:44 | INFO | No improvement. Patience: 5/10
2026-02-26 20:01:44 | INFO | 
============================================================
2026-02-26 20:01:44 | INFO | EPOCH 20/50
2026-02-26 20:01:44 | INFO | ============================================================
2026-02-26 20:03:57 | INFO | Epoch 20/50 [TRAIN] - Loss: 0.0305 | Acc: 98.83% | Time: 132.3s
2026-02-26 20:04:52 | INFO | Epoch 20/50 [VAL]   - Loss: 0.1406 | Acc: 95.97%
2026-02-26 20:04:52 | INFO | Learning rate reduced: 0.001000 → 0.000500
2026-02-26 20:04:52 | INFO | No improvement. Patience: 6/10
2026-02-26 20:04:52 | INFO | 
============================================================
2026-02-26 20:04:52 | INFO | EPOCH 21/50
2026-02-26 20:04:52 | INFO | ============================================================
2026-02-26 20:07:09 | INFO | Epoch 21/50 [TRAIN] - Loss: 0.0118 | Acc: 99.60% | Time: 136.7s
2026-02-26 20:08:08 | INFO | Epoch 21/50 [VAL]   - Loss: 0.1387 | Acc: 96.44%
2026-02-26 20:08:08 | INFO | ✓ New best validation accuracy! Improved by 0.22% (96.22% → 96.44%)
2026-02-26 20:08:08 | INFO | 💾 Saved best model with val_acc: 96.44%
2026-02-26 20:08:08 | INFO | 
============================================================
2026-02-26 20:08:08 | INFO | EPOCH 22/50
2026-02-26 20:08:08 | INFO | ============================================================
2026-02-26 20:10:46 | INFO | Epoch 22/50 [TRAIN] - Loss: 0.0092 | Acc: 99.69% | Time: 157.9s
2026-02-26 20:11:43 | INFO | Epoch 22/50 [VAL]   - Loss: 0.1446 | Acc: 96.30%
2026-02-26 20:11:43 | INFO | No improvement. Patience: 1/10
2026-02-26 20:11:43 | INFO | 
============================================================
2026-02-26 20:11:43 | INFO | EPOCH 23/50
2026-02-26 20:11:43 | INFO | ============================================================
2026-02-26 20:14:28 | INFO | Epoch 23/50 [TRAIN] - Loss: 0.0097 | Acc: 99.66% | Time: 165.0s
2026-02-26 20:15:36 | INFO | Epoch 23/50 [VAL]   - Loss: 0.1514 | Acc: 96.25%
2026-02-26 20:15:36 | INFO | No improvement. Patience: 2/10
2026-02-26 20:15:36 | INFO | 
============================================================
2026-02-26 20:15:36 | INFO | EPOCH 24/50
2026-02-26 20:15:36 | INFO | ============================================================
2026-02-26 20:18:14 | INFO | Epoch 24/50 [TRAIN] - Loss: 0.0098 | Acc: 99.64% | Time: 158.2s
2026-02-26 20:19:17 | INFO | Epoch 24/50 [VAL]   - Loss: 0.1458 | Acc: 96.36%
2026-02-26 20:19:17 | INFO | No improvement. Patience: 3/10
2026-02-26 20:19:17 | INFO | 
============================================================
2026-02-26 20:19:17 | INFO | EPOCH 25/50
2026-02-26 20:19:17 | INFO | ============================================================
2026-02-26 20:21:36 | INFO | Epoch 25/50 [TRAIN] - Loss: 0.0101 | Acc: 99.64% | Time: 139.3s
2026-02-26 20:22:44 | INFO | Epoch 25/50 [VAL]   - Loss: 0.1438 | Acc: 96.31%
2026-02-26 20:22:44 | INFO | No improvement. Patience: 4/10
2026-02-26 20:22:44 | INFO | 
============================================================
2026-02-26 20:22:44 | INFO | EPOCH 26/50
2026-02-26 20:22:44 | INFO | ============================================================
2026-02-26 20:25:25 | INFO | Epoch 26/50 [TRAIN] - Loss: 0.0109 | Acc: 99.61% | Time: 161.6s
2026-02-26 20:26:55 | INFO | Epoch 26/50 [VAL]   - Loss: 0.1336 | Acc: 96.45%
2026-02-26 20:26:55 | INFO | ✓ New best validation accuracy! Improved by 0.01% (96.44% → 96.45%)
2026-02-26 20:26:56 | INFO | 💾 Saved best model with val_acc: 96.45%
2026-02-26 20:26:56 | INFO | 
============================================================
2026-02-26 20:26:56 | INFO | EPOCH 27/50
2026-02-26 20:26:56 | INFO | ============================================================
2026-02-26 20:30:13 | INFO | Epoch 27/50 [TRAIN] - Loss: 0.0095 | Acc: 99.67% | Time: 197.5s
2026-02-26 20:31:32 | INFO | Epoch 27/50 [VAL]   - Loss: 0.1413 | Acc: 96.51%
2026-02-26 20:31:32 | INFO | ✓ New best validation accuracy! Improved by 0.06% (96.45% → 96.51%)
2026-02-26 20:31:32 | INFO | 💾 Saved best model with val_acc: 96.51%
2026-02-26 20:31:32 | INFO | 
============================================================
2026-02-26 20:31:32 | INFO | EPOCH 28/50
2026-02-26 20:31:32 | INFO | ============================================================
2026-02-26 20:34:03 | INFO | Epoch 28/50 [TRAIN] - Loss: 0.0104 | Acc: 99.64% | Time: 151.2s
2026-02-26 20:35:02 | INFO | Epoch 28/50 [VAL]   - Loss: 0.1459 | Acc: 96.30%
2026-02-26 20:35:02 | INFO | No improvement. Patience: 1/10
2026-02-26 20:35:02 | INFO | 
============================================================
2026-02-26 20:35:02 | INFO | EPOCH 29/50
2026-02-26 20:35:02 | INFO | ============================================================
2026-02-26 20:37:19 | INFO | Epoch 29/50 [TRAIN] - Loss: 0.0114 | Acc: 99.61% | Time: 136.8s
2026-02-26 20:38:19 | INFO | Epoch 29/50 [VAL]   - Loss: 0.1626 | Acc: 96.04%
2026-02-26 20:38:19 | INFO | No improvement. Patience: 2/10
2026-02-26 20:38:19 | INFO | 
============================================================
2026-02-26 20:38:19 | INFO | EPOCH 30/50
2026-02-26 20:38:19 | INFO | ============================================================
2026-02-26 20:41:00 | INFO | Epoch 30/50 [TRAIN] - Loss: 0.0094 | Acc: 99.67% | Time: 161.0s
2026-02-26 20:41:55 | INFO | Epoch 30/50 [VAL]   - Loss: 0.1559 | Acc: 96.30%
2026-02-26 20:41:55 | INFO | No improvement. Patience: 3/10
2026-02-26 20:41:55 | INFO | 
============================================================
2026-02-26 20:41:55 | INFO | EPOCH 31/50
2026-02-26 20:41:55 | INFO | ============================================================
2026-02-26 20:44:06 | INFO | Epoch 31/50 [TRAIN] - Loss: 0.0107 | Acc: 99.62% | Time: 131.0s
2026-02-26 20:45:02 | INFO | Epoch 31/50 [VAL]   - Loss: 0.1597 | Acc: 96.34%
2026-02-26 20:45:02 | INFO | No improvement. Patience: 4/10
2026-02-26 20:45:02 | INFO | 
============================================================
2026-02-26 20:45:02 | INFO | EPOCH 32/50
2026-02-26 20:45:02 | INFO | ============================================================
2026-02-26 20:47:19 | INFO | Epoch 32/50 [TRAIN] - Loss: 0.0117 | Acc: 99.59% | Time: 137.3s
2026-02-26 20:48:20 | INFO | Epoch 32/50 [VAL]   - Loss: 0.1427 | Acc: 96.55%
2026-02-26 20:48:20 | INFO | ✓ New best validation accuracy! Improved by 0.03% (96.51% → 96.55%)
2026-02-26 20:48:20 | INFO | 💾 Saved best model with val_acc: 96.55%
2026-02-26 20:48:20 | INFO | 
============================================================
2026-02-26 20:48:20 | INFO | EPOCH 33/50
2026-02-26 20:48:20 | INFO | ============================================================
2026-02-26 20:50:45 | INFO | Epoch 33/50 [TRAIN] - Loss: 0.0108 | Acc: 99.61% | Time: 144.7s
2026-02-26 20:51:40 | INFO | Epoch 33/50 [VAL]   - Loss: 0.1531 | Acc: 96.15%
2026-02-26 20:51:40 | INFO | No improvement. Patience: 1/10
2026-02-26 20:51:40 | INFO | 
============================================================
2026-02-26 20:51:40 | INFO | EPOCH 34/50
2026-02-26 20:51:40 | INFO | ============================================================
2026-02-26 20:53:44 | INFO | Epoch 34/50 [TRAIN] - Loss: 0.0089 | Acc: 99.67% | Time: 123.9s
2026-02-26 20:54:37 | INFO | Epoch 34/50 [VAL]   - Loss: 0.1487 | Acc: 96.40%
2026-02-26 20:54:37 | INFO | No improvement. Patience: 2/10
2026-02-26 20:54:37 | INFO | 
============================================================
2026-02-26 20:54:37 | INFO | EPOCH 35/50
2026-02-26 20:54:37 | INFO | ============================================================
2026-02-26 20:56:59 | INFO | Epoch 35/50 [TRAIN] - Loss: 0.0107 | Acc: 99.65% | Time: 141.1s
2026-02-26 20:57:53 | INFO | Epoch 35/50 [VAL]   - Loss: 0.1497 | Acc: 96.24%
2026-02-26 20:57:53 | INFO | No improvement. Patience: 3/10
2026-02-26 20:57:53 | INFO | 
============================================================
2026-02-26 20:57:53 | INFO | EPOCH 36/50
2026-02-26 20:57:53 | INFO | ============================================================
2026-02-26 21:00:05 | INFO | Epoch 36/50 [TRAIN] - Loss: 0.0105 | Acc: 99.64% | Time: 131.8s
2026-02-26 21:00:59 | INFO | Epoch 36/50 [VAL]   - Loss: 0.1602 | Acc: 96.16%
2026-02-26 21:00:59 | INFO | No improvement. Patience: 4/10
2026-02-26 21:00:59 | INFO | 
============================================================
2026-02-26 21:00:59 | INFO | EPOCH 37/50
2026-02-26 21:00:59 | INFO | ============================================================
2026-02-26 21:03:09 | INFO | Epoch 37/50 [TRAIN] - Loss: 0.0107 | Acc: 99.61% | Time: 130.5s
2026-02-26 21:04:08 | INFO | Epoch 37/50 [VAL]   - Loss: 0.1347 | Acc: 96.45%
2026-02-26 21:04:08 | INFO | No improvement. Patience: 5/10
2026-02-26 21:04:08 | INFO | 
============================================================
2026-02-26 21:04:08 | INFO | EPOCH 38/50
2026-02-26 21:04:08 | INFO | ============================================================
2026-02-26 21:06:21 | INFO | Epoch 38/50 [TRAIN] - Loss: 0.0090 | Acc: 99.71% | Time: 133.3s
2026-02-26 21:07:20 | INFO | Epoch 38/50 [VAL]   - Loss: 0.1609 | Acc: 96.00%
2026-02-26 21:07:20 | INFO | Learning rate reduced: 0.000500 → 0.000250
2026-02-26 21:07:20 | INFO | No improvement. Patience: 6/10
2026-02-26 21:07:20 | INFO | 
============================================================
2026-02-26 21:07:20 | INFO | EPOCH 39/50
2026-02-26 21:07:20 | INFO | ============================================================
2026-02-26 21:09:42 | INFO | Epoch 39/50 [TRAIN] - Loss: 0.0039 | Acc: 99.88% | Time: 142.0s
2026-02-26 21:11:13 | INFO | Epoch 39/50 [VAL]   - Loss: 0.1566 | Acc: 96.61%
2026-02-26 21:11:13 | INFO | ✓ New best validation accuracy! Improved by 0.06% (96.55% → 96.61%)
2026-02-26 21:11:14 | INFO | 💾 Saved best model with val_acc: 96.61%
2026-02-26 21:11:14 | INFO | 
============================================================
2026-02-26 21:11:14 | INFO | EPOCH 40/50
2026-02-26 21:11:14 | INFO | ============================================================
2026-02-26 21:13:32 | INFO | Epoch 40/50 [TRAIN] - Loss: 0.0022 | Acc: 99.94% | Time: 138.1s
2026-02-26 21:14:18 | INFO | Epoch 40/50 [VAL]   - Loss: 0.1593 | Acc: 96.52%
2026-02-26 21:14:18 | INFO | No improvement. Patience: 1/10
2026-02-26 21:14:18 | INFO | 
============================================================
2026-02-26 21:14:18 | INFO | EPOCH 41/50
2026-02-26 21:14:18 | INFO | ============================================================
2026-02-26 21:16:10 | INFO | Epoch 41/50 [TRAIN] - Loss: 0.0013 | Acc: 99.96% | Time: 112.5s
2026-02-26 21:17:03 | INFO | Epoch 41/50 [VAL]   - Loss: 0.1865 | Acc: 96.65%
2026-02-26 21:17:03 | INFO | ✓ New best validation accuracy! Improved by 0.04% (96.61% → 96.65%)
2026-02-26 21:17:03 | INFO | 💾 Saved best model with val_acc: 96.65%
2026-02-26 21:17:03 | INFO | 
============================================================
2026-02-26 21:17:03 | INFO | EPOCH 42/50
2026-02-26 21:17:03 | INFO | ============================================================
2026-02-26 21:18:51 | INFO | Epoch 42/50 [TRAIN] - Loss: 0.0039 | Acc: 99.85% | Time: 107.1s
2026-02-26 21:19:41 | INFO | Epoch 42/50 [VAL]   - Loss: 0.1581 | Acc: 96.52%
2026-02-26 21:19:41 | INFO | No improvement. Patience: 1/10
2026-02-26 21:19:41 | INFO | 
============================================================
2026-02-26 21:19:41 | INFO | EPOCH 43/50
2026-02-26 21:19:41 | INFO | ============================================================
2026-02-26 21:21:37 | INFO | Epoch 43/50 [TRAIN] - Loss: 0.0033 | Acc: 99.90% | Time: 115.8s
2026-02-26 21:22:27 | INFO | Epoch 43/50 [VAL]   - Loss: 0.1649 | Acc: 96.58%
2026-02-26 21:22:27 | INFO | No improvement. Patience: 2/10
2026-02-26 21:22:27 | INFO | 
============================================================
2026-02-26 21:22:27 | INFO | EPOCH 44/50
2026-02-26 21:22:27 | INFO | ============================================================
2026-02-26 21:24:31 | INFO | Epoch 44/50 [TRAIN] - Loss: 0.0034 | Acc: 99.90% | Time: 123.8s
2026-02-26 21:25:39 | INFO | Epoch 44/50 [VAL]   - Loss: 0.1676 | Acc: 96.59%
2026-02-26 21:25:39 | INFO | No improvement. Patience: 3/10
2026-02-26 21:25:39 | INFO | 
============================================================
2026-02-26 21:25:39 | INFO | EPOCH 45/50
2026-02-26 21:25:39 | INFO | ============================================================
2026-02-26 21:27:54 | INFO | Epoch 45/50 [TRAIN] - Loss: 0.0033 | Acc: 99.90% | Time: 135.7s
2026-02-26 21:28:49 | INFO | Epoch 45/50 [VAL]   - Loss: 0.1624 | Acc: 96.40%
2026-02-26 21:28:49 | INFO | No improvement. Patience: 4/10
2026-02-26 21:28:49 | INFO | 
============================================================
2026-02-26 21:28:49 | INFO | EPOCH 46/50
2026-02-26 21:28:49 | INFO | ============================================================
2026-02-26 21:31:03 | INFO | Epoch 46/50 [TRAIN] - Loss: 0.0035 | Acc: 99.88% | Time: 134.3s
2026-02-26 21:31:57 | INFO | Epoch 46/50 [VAL]   - Loss: 0.1664 | Acc: 96.50%
2026-02-26 21:31:57 | INFO | No improvement. Patience: 5/10
2026-02-26 21:31:57 | INFO | 
============================================================
2026-02-26 21:31:57 | INFO | EPOCH 47/50
2026-02-26 21:31:57 | INFO | ============================================================
2026-02-26 21:34:09 | INFO | Epoch 47/50 [TRAIN] - Loss: 0.0036 | Acc: 99.88% | Time: 132.0s
2026-02-26 21:35:03 | INFO | Epoch 47/50 [VAL]   - Loss: 0.1804 | Acc: 96.27%
2026-02-26 21:35:03 | INFO | Learning rate reduced: 0.000250 → 0.000125
2026-02-26 21:35:03 | INFO | No improvement. Patience: 6/10
2026-02-26 21:35:03 | INFO | 
============================================================
2026-02-26 21:35:03 | INFO | EPOCH 48/50
2026-02-26 21:35:03 | INFO | ============================================================
2026-02-26 21:37:25 | INFO | Epoch 48/50 [TRAIN] - Loss: 0.0018 | Acc: 99.95% | Time: 141.6s
2026-02-26 21:38:22 | INFO | Epoch 48/50 [VAL]   - Loss: 0.1737 | Acc: 96.52%
2026-02-26 21:38:22 | INFO | No improvement. Patience: 7/10
2026-02-26 21:38:22 | INFO | 
============================================================
2026-02-26 21:38:22 | INFO | EPOCH 49/50
2026-02-26 21:38:22 | INFO | ============================================================
2026-02-26 21:40:34 | INFO | Epoch 49/50 [TRAIN] - Loss: 0.0008 | Acc: 99.98% | Time: 131.4s
2026-02-26 21:41:28 | INFO | Epoch 49/50 [VAL]   - Loss: 0.1751 | Acc: 96.61%
2026-02-26 21:41:28 | INFO | No improvement. Patience: 8/10
2026-02-26 21:41:28 | INFO | 
============================================================
2026-02-26 21:41:28 | INFO | EPOCH 50/50
2026-02-26 21:41:28 | INFO | ============================================================
2026-02-26 21:43:33 | INFO | Epoch 50/50 [TRAIN] - Loss: 0.0003 | Acc: 99.99% | Time: 125.1s
2026-02-26 21:44:30 | INFO | Epoch 50/50 [VAL]   - Loss: 0.1792 | Acc: 96.66%
2026-02-26 21:44:30 | INFO | ✓ New best validation accuracy! Improved by 0.01% (96.65% → 96.66%)
2026-02-26 21:44:30 | INFO | 💾 Saved best model with val_acc: 96.66%
2026-02-26 21:44:30 | INFO | ============================================================
2026-02-26 21:44:30 | INFO | TRAINING COMPLETED
2026-02-26 21:44:30 | INFO | Total time: 168.33 minutes (2.81 hours)
2026-02-26 21:44:30 | INFO | Best validation accuracy: 96.66%
2026-02-26 21:44:30 | INFO | Total epochs: 50
2026-02-26 21:44:30 | INFO | ============================================================
2026-02-26 21:44:30 | INFO | 
Final Test Set Evaluation:
2026-02-26 21:44:31 | INFO | Loaded best model from epoch 50
2026-02-26 21:45:24 | INFO | TEST RESULTS - Loss: 0.1739 | Accuracy: 96.77%
2026-02-26 21:45:24 | INFO | ============================================================
